<?xml version="1.0" encoding="UTF-8" ?>
<testsuite errors="0" failures="0" hostname="li13-4" name="se.liu.ida.tdp024.account.data.test.facade.AccountEntityFacadeTest" skipped="0" tests="7" time="9.959" timestamp="2017-09-27T08:21:46">
  <properties>
[...]
</properties>
  <testcase classname="se.liu.ida.tdp024.account.data.test.facade.AccountEntityFacadeTest" name="testCreate" time="4.173" />
  <testcase classname="se.liu.ida.tdp024.account.data.test.facade.AccountEntityFacadeTest" name="testFind" time="0.651" />
  <testcase classname="se.liu.ida.tdp024.account.data.test.facade.AccountEntityFacadeTest" name="testDebit" time="1.211" />
  <testcase classname="se.liu.ida.tdp024.account.data.test.facade.AccountEntityFacadeTest" name="testCreditTransaction" time="1.179" />
  <testcase classname="se.liu.ida.tdp024.account.data.test.facade.AccountEntityFacadeTest" name="testTransactions" time="0.263" />
  <testcase classname="se.liu.ida.tdp024.account.data.test.facade.AccountEntityFacadeTest" name="testCredit" time="1.236" />
  <testcase classname="se.liu.ida.tdp024.account.data.test.facade.AccountEntityFacadeTest" name="testDebitTransaction" time="1.069" />
  <system-out><![CDATA[[EL Info]: 2017-09-27 10:21:48.186--ServerSession(1877630419)--EclipseLink, version: Eclipse Persistence Services - 2.3.0.v20110604-r9504
[EL Info]: 2017-09-27 10:21:50.286--ServerSession(1877630419)--file:/home/nikni292/Desktop/TDP024/account-data-impl-db/build/classes/_account-dataPU login successful
[EL Warning]: 2017-09-27 10:21:50.557--ServerSession(1877630419)--Exception [EclipseLink-4002] (Eclipse Persistence Services - 2.3.0.v20110604-r9504): org.eclipse.persistence.exceptions.DatabaseException
Internal Exception: java.sql.SQLSyntaxErrorException: 'ALTER TABLE' cannot be performed on 'TRANSACTIONDB' because it does not exist.
Error Code: 30000
Call: ALTER TABLE TRANSACTIONDB DROP CONSTRAINT TRNSACTIONDBCCNTID
Query: DataModifyQuery(sql="ALTER TABLE TRANSACTIONDB DROP CONSTRAINT TRNSACTIONDBCCNTID")
[EL Warning]: 2017-09-27 10:21:50.562--ServerSession(1877630419)--Exception [EclipseLink-4002] (Eclipse Persistence Services - 2.3.0.v20110604-r9504): org.eclipse.persistence.exceptions.DatabaseException
Internal Exception: java.sql.SQLSyntaxErrorException: 'DROP TABLE' cannot be performed on 'ACCOUNTDB' because it does not exist.
Error Code: 30000
Call: DROP TABLE ACCOUNTDB
Query: DataModifyQuery(sql="DROP TABLE ACCOUNTDB")
[EL Warning]: 2017-09-27 10:21:50.639--ServerSession(1877630419)--Exception [EclipseLink-4002] (Eclipse Persistence Services - 2.3.0.v20110604-r9504): org.eclipse.persistence.exceptions.DatabaseException
Internal Exception: java.sql.SQLSyntaxErrorException: 'DROP TABLE' cannot be performed on 'TRANSACTIONDB' because it does not exist.
Error Code: 30000
Call: DROP TABLE TRANSACTIONDB
Query: DataModifyQuery(sql="DROP TABLE TRANSACTIONDB")
[EL Info]: 2017-09-27 10:21:51.046--ServerSession(1877630419)--file:/home/nikni292/Desktop/TDP024/account-data-impl-db/build/classes/_account-dataPU logout successful
[EL Info]: 2017-09-27 10:21:51.101--ServerSession(1580278850)--EclipseLink, version: Eclipse Persistence Services - 2.3.0.v20110604-r9504
[EL Info]: 2017-09-27 10:21:51.109--ServerSession(1580278850)--file:/home/nikni292/Desktop/TDP024/account-data-impl-db/build/classes/_account-dataPU login successful
[EL Warning]: 2017-09-27 10:21:51.271--ServerSession(1580278850)--Exception [EclipseLink-4002] (Eclipse Persistence Services - 2.3.0.v20110604-r9504): org.eclipse.persistence.exceptions.DatabaseException
Internal Exception: java.sql.SQLException: Table/View 'SEQUENCE' already exists in Schema 'APP'.
Error Code: 30000
Call: CREATE TABLE SEQUENCE (SEQ_NAME VARCHAR(50) NOT NULL, SEQ_COUNT DECIMAL(15), PRIMARY KEY (SEQ_NAME))
Query: DataModifyQuery(sql="CREATE TABLE SEQUENCE (SEQ_NAME VARCHAR(50) NOT NULL, SEQ_COUNT DECIMAL(15), PRIMARY KEY (SEQ_NAME))")
[EL Info]: 2017-09-27 10:21:51.703--ServerSession(1580278850)--file:/home/nikni292/Desktop/TDP024/account-data-impl-db/build/classes/_account-dataPU logout successful
[EL Info]: 2017-09-27 10:21:51.754--ServerSession(1703057394)--EclipseLink, version: Eclipse Persistence Services - 2.3.0.v20110604-r9504
[EL Info]: 2017-09-27 10:21:51.759--ServerSession(1703057394)--file:/home/nikni292/Desktop/TDP024/account-data-impl-db/build/classes/_account-dataPU login successful
[EL Warning]: 2017-09-27 10:21:51.874--ServerSession(1703057394)--Exception [EclipseLink-4002] (Eclipse Persistence Services - 2.3.0.v20110604-r9504): org.eclipse.persistence.exceptions.DatabaseException
Internal Exception: java.sql.SQLException: Table/View 'SEQUENCE' already exists in Schema 'APP'.
Error Code: 30000
Call: CREATE TABLE SEQUENCE (SEQ_NAME VARCHAR(50) NOT NULL, SEQ_COUNT DECIMAL(15), PRIMARY KEY (SEQ_NAME))
Query: DataModifyQuery(sql="CREATE TABLE SEQUENCE (SEQ_NAME VARCHAR(50) NOT NULL, SEQ_COUNT DECIMAL(15), PRIMARY KEY (SEQ_NAME))")
[EL Info]: 2017-09-27 10:21:52.918--ServerSession(1703057394)--file:/home/nikni292/Desktop/TDP024/account-data-impl-db/build/classes/_account-dataPU logout successful
[EL Info]: 2017-09-27 10:21:52.975--ServerSession(1338098789)--EclipseLink, version: Eclipse Persistence Services - 2.3.0.v20110604-r9504
[EL Info]: 2017-09-27 10:21:52.985--ServerSession(1338098789)--file:/home/nikni292/Desktop/TDP024/account-data-impl-db/build/classes/_account-dataPU login successful
[EL Warning]: 2017-09-27 10:21:53.112--ServerSession(1338098789)--Exception [EclipseLink-4002] (Eclipse Persistence Services - 2.3.0.v20110604-r9504): org.eclipse.persistence.exceptions.DatabaseException
Internal Exception: java.sql.SQLException: Table/View 'SEQUENCE' already exists in Schema 'APP'.
Error Code: 30000
Call: CREATE TABLE SEQUENCE (SEQ_NAME VARCHAR(50) NOT NULL, SEQ_COUNT DECIMAL(15), PRIMARY KEY (SEQ_NAME))
Query: DataModifyQuery(sql="CREATE TABLE SEQUENCE (SEQ_NAME VARCHAR(50) NOT NULL, SEQ_COUNT DECIMAL(15), PRIMARY KEY (SEQ_NAME))")
[EL Info]: 2017-09-27 10:21:54.103--ServerSession(1338098789)--file:/home/nikni292/Desktop/TDP024/account-data-impl-db/build/classes/_account-dataPU logout successful
[EL Info]: 2017-09-27 10:21:54.163--ServerSession(1747809772)--EclipseLink, version: Eclipse Persistence Services - 2.3.0.v20110604-r9504
[EL Info]: 2017-09-27 10:21:54.17--ServerSession(1747809772)--file:/home/nikni292/Desktop/TDP024/account-data-impl-db/build/classes/_account-dataPU login successful
[EL Warning]: 2017-09-27 10:21:54.264--ServerSession(1747809772)--Exception [EclipseLink-4002] (Eclipse Persistence Services - 2.3.0.v20110604-r9504): org.eclipse.persistence.exceptions.DatabaseException
Internal Exception: java.sql.SQLException: Table/View 'SEQUENCE' already exists in Schema 'APP'.
Error Code: 30000
Call: CREATE TABLE SEQUENCE (SEQ_NAME VARCHAR(50) NOT NULL, SEQ_COUNT DECIMAL(15), PRIMARY KEY (SEQ_NAME))
Query: DataModifyQuery(sql="CREATE TABLE SEQUENCE (SEQ_NAME VARCHAR(50) NOT NULL, SEQ_COUNT DECIMAL(15), PRIMARY KEY (SEQ_NAME))")
[EL Info]: 2017-09-27 10:21:54.372--ServerSession(1747809772)--file:/home/nikni292/Desktop/TDP024/account-data-impl-db/build/classes/_account-dataPU logout successful
[EL Info]: 2017-09-27 10:21:54.419--ServerSession(2074332739)--EclipseLink, version: Eclipse Persistence Services - 2.3.0.v20110604-r9504
[EL Info]: 2017-09-27 10:21:54.425--ServerSession(2074332739)--file:/home/nikni292/Desktop/TDP024/account-data-impl-db/build/classes/_account-dataPU login successful
[EL Warning]: 2017-09-27 10:21:54.531--ServerSession(2074332739)--Exception [EclipseLink-4002] (Eclipse Persistence Services - 2.3.0.v20110604-r9504): org.eclipse.persistence.exceptions.DatabaseException
Internal Exception: java.sql.SQLException: Table/View 'SEQUENCE' already exists in Schema 'APP'.
Error Code: 30000
Call: CREATE TABLE SEQUENCE (SEQ_NAME VARCHAR(50) NOT NULL, SEQ_COUNT DECIMAL(15), PRIMARY KEY (SEQ_NAME))
Query: DataModifyQuery(sql="CREATE TABLE SEQUENCE (SEQ_NAME VARCHAR(50) NOT NULL, SEQ_COUNT DECIMAL(15), PRIMARY KEY (SEQ_NAME))")
[<AccountDB id:1, pKey:1, bKey:1, hold:100>]
[EL Info]: 2017-09-27 10:21:55.612--ServerSession(2074332739)--file:/home/nikni292/Desktop/TDP024/account-data-impl-db/build/classes/_account-dataPU logout successful
[EL Info]: 2017-09-27 10:21:55.665--ServerSession(78855780)--EclipseLink, version: Eclipse Persistence Services - 2.3.0.v20110604-r9504
[EL Info]: 2017-09-27 10:21:55.671--ServerSession(78855780)--file:/home/nikni292/Desktop/TDP024/account-data-impl-db/build/classes/_account-dataPU login successful
[EL Warning]: 2017-09-27 10:21:55.771--ServerSession(78855780)--Exception [EclipseLink-4002] (Eclipse Persistence Services - 2.3.0.v20110604-r9504): org.eclipse.persistence.exceptions.DatabaseException
Internal Exception: java.sql.SQLException: Table/View 'SEQUENCE' already exists in Schema 'APP'.
Error Code: 30000
Call: CREATE TABLE SEQUENCE (SEQ_NAME VARCHAR(50) NOT NULL, SEQ_COUNT DECIMAL(15), PRIMARY KEY (SEQ_NAME))
Query: DataModifyQuery(sql="CREATE TABLE SEQUENCE (SEQ_NAME VARCHAR(50) NOT NULL, SEQ_COUNT DECIMAL(15), PRIMARY KEY (SEQ_NAME))")
[EL Info]: 2017-09-27 10:21:56.688--ServerSession(78855780)--file:/home/nikni292/Desktop/TDP024/account-data-impl-db/build/classes/_account-dataPU logout successful
]]></system-out>
  <system-err><![CDATA[]]></system-err>
</testsuite>
