<?xml version="1.0" encoding="UTF-8" ?>
<testsuite errors="1" failures="0" hostname="li13-4" name="tdp024.account.rest.service.AccountServiceTest" skipped="0" tests="1" time="0.132" timestamp="2017-09-27T08:22:10">
  <properties>
[...]
</properties>
  <testcase classname="tdp024.account.rest.service.AccountServiceTest" name="testCreate" time="0.02">
    <error type="java.lang.NullPointerException">java.lang.NullPointerException
	at tdp024.account.rest.service.AccountServiceTest.tearDown(AccountServiceTest.java:14)
</error>
  </testcase>
  <system-out><![CDATA[]]></system-out>
  <system-err><![CDATA[]]></system-err>
</testsuite>
